<?xml version="1.0" encoding="UTF-8"?>
<!-- Generated by org.testng.reporters.JUnitXMLReporter -->
<testsuite ignored="0" hostname="WKWZTw6fXJXFUIH" failures="0" tests="8" name="Test" time="59.445" errors="0" timestamp="2024-05-18T22:58:00 IST">
  <testcase classname="testCases.TC_001_AccountRegistrationTest" name="verify_account_registration" time="1.343"/>
  <testcase classname="testCases.TC_002_LoginTest" name="verify_login" time="0.919"/>
  <testcase classname="testCases.TC_003_LoginDDT" name="verify_login" time="1.22"/>
  <testcase classname="testCases.TC_003_LoginDDT" name="verify_login" time="1.19"/>
  <testcase classname="testCases.TC_003_LoginDDT" name="verify_login" time="1.107"/>
  <testcase classname="testCases.TC_003_LoginDDT" name="verify_login" time="20.756"/>
  <testcase classname="testCases.TC_003_LoginDDT" name="verify_login" time="1.421"/>
  <testcase classname="testCases.TC_003_LoginDDT" name="verify_login" time="20.946"/>
</testsuite> <!-- Test -->
